# JRE version: Java(TM) SE Runtime Environment (9.0+11) (build 9.0.1+11)
# Java VM: Java HotSpot(TM) 64-Bit Server VM (9.0.1+11, mixed mode, tiered, g1 gc, windows-amd64)
Heap:
 garbage-first heap   total 7962624K, used 1452890K [0x0000000140000000, 0x0000000141000f30, 0x00000019aa000000)
  region size 16384K, 1 young (16384K), 1 survivors (16384K)
 Metaspace       used 5774K, capacity 5931K, committed 6144K, reserved 8192K
GC Heap History (10 events):
Event: 7.112 GC heap after
{Heap after GC invocations=19 (full 0):
 garbage-first heap   total 884736K, used 571046K [0x0000000140000000, 0x00000001410001b0, 0x00000019aa000000)
  region size 16384K, 1 young (16384K), 1 survivors (16384K)
 Metaspace       used 5774K, capacity 5931K, committed 6144K, reserved 8192K
}
Event: 7.121 GC heap before
{Heap before GC invocations=19 (full 0):
 garbage-first heap   total 884736K, used 636582K [0x0000000140000000, 0x00000001410001b0, 0x00000019aa000000)
  region size 16384K, 5 young (81920K), 1 survivors (16384K)
 Metaspace       used 5774K, capacity 5931K, committed 6144K, reserved 8192K
}
Event: 7.151 GC heap after
{Heap after GC invocations=20 (full 0):
 garbage-first heap   total 2654208K, used 636582K [0x0000000140000000, 0x0000000141000510, 0x00000019aa000000)
  region size 16384K, 1 young (16384K), 1 survivors (16384K)
 Metaspace       used 5774K, capacity 5931K, committed 6144K, reserved 8192K
}
Event: 7.442 GC heap before
{Heap before GC invocations=21 (full 0):
 garbage-first heap   total 2654208K, used 1177254K [0x0000000140000000, 0x0000000141000510, 0x00000019aa000000)
  region size 16384K, 34 young (557056K), 1 survivors (16384K)
 Metaspace       used 5774K, capacity 5931K, committed 6144K, reserved 8192K
}
Event: 23.596 GC heap after
{Heap after GC invocations=22 (full 0):
 garbage-first heap   total 2654208K, used 1174675K [0x0000000140000000, 0x0000000141000510, 0x00000019aa000000)
  region size 16384K, 5 young (81920K), 5 survivors (81920K)
 Metaspace       used 5774K, capacity 5931K, committed 6144K, reserved 8192K
}
Event: 25.318 GC heap before
{Heap before GC invocations=22 (full 0):
 garbage-first heap   total 2654208K, used 1223827K [0x0000000140000000, 0x0000000141000510, 0x00000019aa000000)
  region size 16384K, 8 young (131072K), 5 survivors (81920K)
 Metaspace       used 5774K, capacity 5931K, committed 6144K, reserved 8192K
}
Event: 25.523 GC heap after
{Heap after GC invocations=23 (full 0):
 garbage-first heap   total 2654208K, used 1223827K [0x0000000140000000, 0x0000000141000510, 0x00000019aa000000)
  region size 16384K, 1 young (16384K), 1 survivors (16384K)
 Metaspace       used 5774K, capacity 5931K, committed 6144K, reserved 8192K
}
Event: 25.540 GC heap before
{Heap before GC invocations=23 (full 0):
 garbage-first heap   total 2654208K, used 1338515K [0x0000000140000000, 0x0000000141000510, 0x00000019aa000000)
  region size 16384K, 8 young (131072K), 1 survivors (16384K)
 Metaspace       used 5774K, capacity 5931K, committed 6144K, reserved 8192K
}
Event: 29.050 GC heap after
{Heap after GC invocations=24 (full 0):
 garbage-first heap   total 2654208K, used 1338358K [0x0000000140000000, 0x0000000141000510, 0x00000019aa000000)
  region size 16384K, 1 young (16384K), 1 survivors (16384K)
 Metaspace       used 5774K, capacity 5931K, committed 6144K, reserved 8192K
}
Event: 30.259 GC heap before
{Heap before GC invocations=24 (full 0):
 garbage-first heap   total 2654208K, used 1453046K [0x0000000140000000, 0x0000000141000510, 0x00000019aa000000)
  region size 16384K, 8 young (131072K), 1 survivors (16384K)
 Metaspace       used 5774K, capacity 5931K, committed 6144K, reserved 8192K
}

